<?xml version='1.0' encoding='UTF-8'?>
<testsuite hostname="C02YQ1CULVDQ" name="io.projectglow.vcf.InternalRowToVariantContextConverterSuite" tests="2" errors="1" failures="0" skipped="0" time="16.603" timestamp="2020-01-24T10:34:51">
                     <properties>
[...]
</properties>
                     <testcase classname="io.projectglow.vcf.InternalRowToVariantContextConverterSuite" name="common schema options pass strict validation (Map(flattenInfoFields -&gt; true, includeSampleIds -&gt; true))" time="5.651">
                                                 
                                               </testcase><testcase classname="io.projectglow.vcf.InternalRowToVariantContextConverterSuite" name="(It is not a test it is a sbt.testing.SuiteSelector)" time="10.952">
                                                 <error message="The code passed to eventually never returned normally. Attempted 296 times over 5.010416107 seconds. Last failure message: Map(62 -&gt; *(1) FileScan bgen [contigName#40,start#53L,end#57L,names#61,referenceAllele#64,alternateAlleles#66,genotypes#68] Batched: false, Format: io.projectglow.bgen.BgenFileFormat@1cd20717, Location: InMemoryFileIndex[file:/Users/karen.feng/glow/test-data/bgen/example.8bits.bgen], PartitionFilters: [], PushedFilters: [], ReadSchema: struct&lt;contigName:string,start:bigint,end:bigint,names:array&lt;string&gt;,referenceAllele:string,alter...
 MapPartitionsRDD[62] at count at BigBgenDatasource.scala:47, 176 -&gt; MapPartitionsRDD[176] at mapPartitionsWithIndex at BigBgenDatasource.scala:68, 34 -&gt; MapPartitionsRDD[34] at rdd at PipeTransformerSuite.scala:36) was not empty." type="org.scalatest.exceptions.TestFailedDueToTimeoutException">org.scalatest.exceptions.TestFailedDueToTimeoutException: The code passed to eventually never returned normally. Attempted 296 times over 5.010416107 seconds. Last failure message: Map(62 -&gt; *(1) FileScan bgen [contigName#40,start#53L,end#57L,names#61,referenceAllele#64,alternateAlleles#66,genotypes#68] Batched: false, Format: io.projectglow.bgen.BgenFileFormat@1cd20717, Location: InMemoryFileIndex[file:/Users/karen.feng/glow/test-data/bgen/example.8bits.bgen], PartitionFilters: [], PushedFilters: [], ReadSchema: struct&lt;contigName:string,start:bigint,end:bigint,names:array&lt;string&gt;,referenceAllele:string,alter...
 MapPartitionsRDD[62] at count at BigBgenDatasource.scala:47, 176 -&gt; MapPartitionsRDD[176] at mapPartitionsWithIndex at BigBgenDatasource.scala:68, 34 -&gt; MapPartitionsRDD[34] at rdd at PipeTransformerSuite.scala:36) was not empty.
	at org.scalatest.concurrent.Eventually$class.tryTryAgain$1(Eventually.scala:421)
	at org.scalatest.concurrent.Eventually$class.eventually(Eventually.scala:439)
	at io.projectglow.sql.GlowBaseTest.eventually(GlowBaseTest.scala:31)
	at io.projectglow.sql.GlowBaseTest.afterEach(GlowBaseTest.scala:70)
	at org.scalatest.BeforeAndAfterEach$$anonfun$1.apply$mcV$sp(BeforeAndAfterEach.scala:234)
	at org.scalatest.Status$$anonfun$withAfterEffect$1.apply(Status.scala:379)
	at org.scalatest.Status$$anonfun$withAfterEffect$1.apply(Status.scala:375)
	at org.scalatest.SucceededStatus$.whenCompleted(Status.scala:454)
	at org.scalatest.Status$class.withAfterEffect(Status.scala:375)
	at org.scalatest.SucceededStatus$.withAfterEffect(Status.scala:426)
	at org.scalatest.BeforeAndAfterEach$class.runTest(BeforeAndAfterEach.scala:232)
	at io.projectglow.sql.GlowBaseTest.runTest(GlowBaseTest.scala:79)
	at org.scalatest.FunSuiteLike$$anonfun$runTests$1.apply(FunSuiteLike.scala:229)
	at org.scalatest.FunSuiteLike$$anonfun$runTests$1.apply(FunSuiteLike.scala:229)
	at org.scalatest.SuperEngine$$anonfun$traverseSubNodes$1$1.apply(Engine.scala:396)
	at org.scalatest.SuperEngine$$anonfun$traverseSubNodes$1$1.apply(Engine.scala:384)
	at scala.collection.immutable.List.foreach(List.scala:392)
	at org.scalatest.SuperEngine.traverseSubNodes$1(Engine.scala:384)
	at org.scalatest.SuperEngine.org$scalatest$SuperEngine$$runTestsInBranch(Engine.scala:379)
	at org.scalatest.SuperEngine.runTestsImpl(Engine.scala:461)
	at org.scalatest.FunSuiteLike$class.runTests(FunSuiteLike.scala:229)
	at org.scalatest.FunSuite.runTests(FunSuite.scala:1560)
	at org.scalatest.Suite$class.run(Suite.scala:1147)
	at org.scalatest.FunSuite.org$scalatest$FunSuiteLike$$super$run(FunSuite.scala:1560)
	at org.scalatest.FunSuiteLike$$anonfun$run$1.apply(FunSuiteLike.scala:233)
	at org.scalatest.FunSuiteLike$$anonfun$run$1.apply(FunSuiteLike.scala:233)
	at org.scalatest.SuperEngine.runImpl(Engine.scala:521)
	at org.scalatest.FunSuiteLike$class.run(FunSuiteLike.scala:233)
	at io.projectglow.sql.GlowBaseTest.org$scalatest$BeforeAndAfterAll$$super$run(GlowBaseTest.scala:31)
	at org.scalatest.BeforeAndAfterAll$class.liftedTree1$1(BeforeAndAfterAll.scala:213)
	at org.scalatest.BeforeAndAfterAll$class.run(BeforeAndAfterAll.scala:210)
	at io.projectglow.sql.GlowBaseTest.run(GlowBaseTest.scala:31)
	at org.scalatest.tools.Framework.org$scalatest$tools$Framework$$runSuite(Framework.scala:314)
	at org.scalatest.tools.Framework$ScalaTestTask.execute(Framework.scala:480)
	at sbt.TestRunner.runTest$1(TestFramework.scala:113)
	at sbt.TestRunner.run(TestFramework.scala:124)
	at sbt.TestFramework$$anon$2$$anonfun$$lessinit$greater$1.$anonfun$apply$1(TestFramework.scala:282)
	at sbt.TestFramework$.sbt$TestFramework$$withContextLoader(TestFramework.scala:246)
	at sbt.TestFramework$$anon$2$$anonfun$$lessinit$greater$1.apply(TestFramework.scala:282)
	at sbt.TestFramework$$anon$2$$anonfun$$lessinit$greater$1.apply(TestFramework.scala:282)
	at sbt.TestFunction.apply(TestFramework.scala:294)
	at sbt.Tests$.$anonfun$toTask$1(Tests.scala:309)
	at sbt.std.Transform$$anon$3.$anonfun$apply$2(System.scala:46)
	at sbt.std.Transform$$anon$4.work(System.scala:67)
	at sbt.Execute.$anonfun$submit$2(Execute.scala:269)
	at sbt.internal.util.ErrorHandling$.wideConvert(ErrorHandling.scala:16)
	at sbt.Execute.work(Execute.scala:278)
	at sbt.Execute.$anonfun$submit$1(Execute.scala:269)
	at sbt.ConcurrentRestrictions$$anon$4.$anonfun$submitValid$1(ConcurrentRestrictions.scala:178)
	at sbt.CompletionService$$anon$2.call(CompletionService.scala:37)
	at java.util.concurrent.FutureTask.run(FutureTask.java:266)
	at java.util.concurrent.Executors$RunnableAdapter.call(Executors.java:511)
	at java.util.concurrent.FutureTask.run(FutureTask.java:266)
	at java.util.concurrent.ThreadPoolExecutor.runWorker(ThreadPoolExecutor.java:1142)
	at java.util.concurrent.ThreadPoolExecutor$Worker.run(ThreadPoolExecutor.java:617)
	at java.lang.Thread.run(Thread.java:748)
Caused by: org.scalatest.exceptions.TestFailedException: Map(62 -&gt; *(1) FileScan bgen [contigName#40,start#53L,end#57L,names#61,referenceAllele#64,alternateAlleles#66,genotypes#68] Batched: false, Format: io.projectglow.bgen.BgenFileFormat@1cd20717, Location: InMemoryFileIndex[file:/Users/karen.feng/glow/test-data/bgen/example.8bits.bgen], PartitionFilters: [], PushedFilters: [], ReadSchema: struct&lt;contigName:string,start:bigint,end:bigint,names:array&lt;string&gt;,referenceAllele:string,alter...
 MapPartitionsRDD[62] at count at BigBgenDatasource.scala:47, 176 -&gt; MapPartitionsRDD[176] at mapPartitionsWithIndex at BigBgenDatasource.scala:68, 34 -&gt; MapPartitionsRDD[34] at rdd at PipeTransformerSuite.scala:36) was not empty
	at org.scalatest.Assertions$class.newAssertionFailedException(Assertions.scala:528)
	at org.scalatest.FunSuite.newAssertionFailedException(FunSuite.scala:1560)
	at org.scalatest.Assertions$AssertionsHelper.macroAssert(Assertions.scala:501)
	at io.projectglow.sql.GlowBaseTest$$anonfun$afterEach$1.apply(GlowBaseTest.scala:71)
	at io.projectglow.sql.GlowBaseTest$$anonfun$afterEach$1.apply(GlowBaseTest.scala:70)
	at org.scalatest.concurrent.Eventually$class.makeAValiantAttempt$1(Eventually.scala:395)
	at org.scalatest.concurrent.Eventually$class.tryTryAgain$1(Eventually.scala:409)
	... 55 more
</error>
                                               </testcase>
                     <system-out><![CDATA[]]></system-out>
                     <system-err><![CDATA[]]></system-err>
                   </testsuite>