<?xml version='1.0' encoding='UTF-8'?>
<testsuite hostname="C02YQ1CULVDQ" name="io.projectglow.bgen.BgenWriterSuite" tests="17" errors="0" failures="0" skipped="0" time="23.989" timestamp="2020-01-23T18:07:18">
                     <properties>
[...]
</properties>
                     <testcase classname="io.projectglow.bgen.BgenWriterSuite" name="unphased 8 bit" time="3.173">
                                                 
                                               </testcase><testcase classname="io.projectglow.bgen.BgenWriterSuite" name="unphased 16 bit (with missing samples)" time="2.448">
                                                 
                                               </testcase><testcase classname="io.projectglow.bgen.BgenWriterSuite" name="unphased 32 bit" time="2.526">
                                                 
                                               </testcase><testcase classname="io.projectglow.bgen.BgenWriterSuite" name="phased" time="0.418">
                                                 
                                               </testcase><testcase classname="io.projectglow.bgen.BgenWriterSuite" name="complex 16 bit" time="0.463">
                                                 
                                               </testcase><testcase classname="io.projectglow.bgen.BgenWriterSuite" name="missing sample IDs" time="2.153">
                                                 
                                               </testcase><testcase classname="io.projectglow.bgen.BgenWriterSuite" name="missing variant ID and rsid" time="0.733">
                                                 
                                               </testcase><testcase classname="io.projectglow.bgen.BgenWriterSuite" name="single name" time="0.719">
                                                 
                                               </testcase><testcase classname="io.projectglow.bgen.BgenWriterSuite" name="invalid bitsPerProb option" time="0.084">
                                                 
                                               </testcase><testcase classname="io.projectglow.bgen.BgenWriterSuite" name="Represent probabilities as int" time="0.0">
                                                 
                                               </testcase><testcase classname="io.projectglow.bgen.BgenWriterSuite" name="Probability block sizes" time="0.001">
                                                 
                                               </testcase><testcase classname="io.projectglow.bgen.BgenWriterSuite" name="Empty file" time="0.179">
                                                 
                                               </testcase><testcase classname="io.projectglow.bgen.BgenWriterSuite" name="unphased 8 bit VCF" time="3.353">
                                                 
                                               </testcase><testcase classname="io.projectglow.bgen.BgenWriterSuite" name="unphased 16 bit (with missing samples) VCF" time="3.539">
                                                 
                                               </testcase><testcase classname="io.projectglow.bgen.BgenWriterSuite" name="unphased 32 bit VCF" time="3.447">
                                                 
                                               </testcase><testcase classname="io.projectglow.bgen.BgenWriterSuite" name="phased VCF" time="0.562">
                                                 
                                               </testcase><testcase classname="io.projectglow.bgen.BgenWriterSuite" name="No genotype" time="0.191">
                                                 
                                               </testcase>
                     <system-out><![CDATA[]]></system-out>
                     <system-err><![CDATA[]]></system-err>
                   </testsuite>