<?xml version='1.0' encoding='UTF-8'?>
<testsuite hostname="C02YQ1CULVDQ" name="io.projectglow.vcf.InternalRowToVariantContextConverterSuite" tests="2" errors="1" failures="0" skipped="0" time="16.603" timestamp="2020-01-24T10:34:51">
                     <properties>
      <property name="jline.esc.timeout" value="0"/><property name="jna.platform.library.path" value="/usr/lib:/usr/lib"/><property name="java.runtime.name" value="Java(TM) SE Runtime Environment"/><property name="sun.boot.library.path" value="/Library/Java/JavaVirtualMachines/jdk1.8.0_131.jdk/Contents/Home/jre/lib"/><property name="java.vm.version" value="25.131-b11"/><property name="gopherProxySet" value="false"/><property name="java.vm.vendor" value="Oracle Corporation"/><property name="java.vendor.url" value="http://java.oracle.com/"/><property name="path.separator" value=":"/><property name="jna.loaded" value="true"/><property name="java.vm.name" value="Java HotSpot(TM) 64-Bit Server VM"/><property name="file.encoding.pkg" value="sun.io"/><property name="user.country" value="US"/><property name="sun.java.launcher" value="SUN_STANDARD"/><property name="sun.os.patch.level" value="unknown"/><property name="jna.nosys" value="true"/><property name="java.vm.specification.name" value="Java Virtual Machine Specification"/><property name="user.dir" value="/Users/karen.feng/glow"/><property name="java.runtime.version" value="1.8.0_131-b11"/><property name="java.awt.graphicsenv" value="sun.awt.CGraphicsEnvironment"/><property name="java.endorsed.dirs" value="/Library/Java/JavaVirtualMachines/jdk1.8.0_131.jdk/Contents/Home/jre/lib/endorsed"/><property name="os.arch" value="x86_64"/><property name="java.io.tmpdir" value="/var/folders/rm/r2bsqwhs2c56x0css3wp1fn40000gp/T/"/><property name="line.separator" value="
"/><property name="java.vm.specification.vendor" value="Oracle Corporation"/><property name="os.name" value="Mac OS X"/><property name="sun.jnu.encoding" value="UTF-8"/><property name="jnidispatch.path" value="/var/folders/rm/r2bsqwhs2c56x0css3wp1fn40000gp/T/jna-673769345/jna5413964403188467572.tmp"/><property name="java.library.path" value="/Users/karen.feng/Library/Java/Extensions:/Library/Java/Extensions:/Network/Library/Java/Extensions:/System/Library/Java/Extensions:/usr/lib/java:."/><property name="sun.nio.ch.bugLevel" value=""/><property name="java.specification.name" value="Java Platform API Specification"/><property name="java.class.version" value="52.0"/><property name="sun.management.compiler" value="HotSpot 64-Bit Tiered Compilers"/><property name="os.version" value="10.14.5"/><property name="http.nonProxyHosts" value="local|*.local|169.254/16|*.169.254/16"/><property name="user.home" value="/Users/karen.feng"/><property name="user.timezone" value="America/Los_Angeles"/><property name="java.awt.printerjob" value="sun.lwawt.macosx.CPrinterJob"/><property name="file.encoding" value="UTF-8"/><property name="java.specification.version" value="1.8"/><property name="java.class.path" value="/usr/local/Cellar/sbt/1.2.8/libexec/bin/sbt-launch.jar"/><property name="user.name" value="karen.feng"/><property name="jline.shutdownhook" value="false"/><property name="java.vm.specification.version" value="1.8"/><property name="sun.java.command" value="/usr/local/Cellar/sbt/1.2.8/libexec/bin/sbt-launch.jar"/><property name="java.home" value="/Library/Java/JavaVirtualMachines/jdk1.8.0_131.jdk/Contents/Home/jre"/><property name="sun.arch.data.model" value="64"/><property name="user.language" value="en"/><property name="java.specification.vendor" value="Oracle Corporation"/><property name="awt.toolkit" value="sun.lwawt.macosx.LWCToolkit"/><property name="java.vm.info" value="mixed mode"/><property name="java.version" value="1.8.0_131"/><property name="java.ext.dirs" value="/Users/karen.feng/Library/Java/Extensions:/Library/Java/JavaVirtualMachines/jdk1.8.0_131.jdk/Contents/Home/jre/lib/ext:/Library/Java/Extensions:/Network/Library/Java/Extensions:/System/Library/Java/Extensions:/usr/lib/java"/><property name="sun.boot.class.path" value="/Library/Java/JavaVirtualMachines/jdk1.8.0_131.jdk/Contents/Home/jre/lib/resources.jar:/Library/Java/JavaVirtualMachines/jdk1.8.0_131.jdk/Contents/Home/jre/lib/rt.jar:/Library/Java/JavaVirtualMachines/jdk1.8.0_131.jdk/Contents/Home/jre/lib/sunrsasign.jar:/Library/Java/JavaVirtualMachines/jdk1.8.0_131.jdk/Contents/Home/jre/lib/jsse.jar:/Library/Java/JavaVirtualMachines/jdk1.8.0_131.jdk/Contents/Home/jre/lib/jce.jar:/Library/Java/JavaVirtualMachines/jdk1.8.0_131.jdk/Contents/Home/jre/lib/charsets.jar:/Library/Java/JavaVirtualMachines/jdk1.8.0_131.jdk/Contents/Home/jre/lib/jfr.jar:/Library/Java/JavaVirtualMachines/jdk1.8.0_131.jdk/Contents/Home/jre/classes"/><property name="java.vendor" value="Oracle Corporation"/><property name="file.separator" value="/"/><property name="java.vendor.url.bug" value="http://bugreport.sun.com/bugreport/"/><property name="sun.io.unicode.encoding" value="UnicodeBig"/><property name="sun.cpu.endian" value="little"/><property name="socksNonProxyHosts" value="local|*.local|169.254/16|*.169.254/16"/><property name="ftp.nonProxyHosts" value="local|*.local|169.254/16|*.169.254/16"/><property name="sun.cpu.isalist" value=""/>
    </properties>
                     <testcase classname="io.projectglow.vcf.InternalRowToVariantContextConverterSuite" name="common schema options pass strict validation (Map(flattenInfoFields -&gt; true, includeSampleIds -&gt; true))" time="5.651">
                                                 
                                               </testcase><testcase classname="io.projectglow.vcf.InternalRowToVariantContextConverterSuite" name="(It is not a test it is a sbt.testing.SuiteSelector)" time="10.952">
                                                 <error message="The code passed to eventually never returned normally. Attempted 296 times over 5.010416107 seconds. Last failure message: Map(62 -&gt; *(1) FileScan bgen [contigName#40,start#53L,end#57L,names#61,referenceAllele#64,alternateAlleles#66,genotypes#68] Batched: false, Format: io.projectglow.bgen.BgenFileFormat@1cd20717, Location: InMemoryFileIndex[file:/Users/karen.feng/glow/test-data/bgen/example.8bits.bgen], PartitionFilters: [], PushedFilters: [], ReadSchema: struct&lt;contigName:string,start:bigint,end:bigint,names:array&lt;string&gt;,referenceAllele:string,alter...
 MapPartitionsRDD[62] at count at BigBgenDatasource.scala:47, 176 -&gt; MapPartitionsRDD[176] at mapPartitionsWithIndex at BigBgenDatasource.scala:68, 34 -&gt; MapPartitionsRDD[34] at rdd at PipeTransformerSuite.scala:36) was not empty." type="org.scalatest.exceptions.TestFailedDueToTimeoutException">org.scalatest.exceptions.TestFailedDueToTimeoutException: The code passed to eventually never returned normally. Attempted 296 times over 5.010416107 seconds. Last failure message: Map(62 -&gt; *(1) FileScan bgen [contigName#40,start#53L,end#57L,names#61,referenceAllele#64,alternateAlleles#66,genotypes#68] Batched: false, Format: io.projectglow.bgen.BgenFileFormat@1cd20717, Location: InMemoryFileIndex[file:/Users/karen.feng/glow/test-data/bgen/example.8bits.bgen], PartitionFilters: [], PushedFilters: [], ReadSchema: struct&lt;contigName:string,start:bigint,end:bigint,names:array&lt;string&gt;,referenceAllele:string,alter...
 MapPartitionsRDD[62] at count at BigBgenDatasource.scala:47, 176 -&gt; MapPartitionsRDD[176] at mapPartitionsWithIndex at BigBgenDatasource.scala:68, 34 -&gt; MapPartitionsRDD[34] at rdd at PipeTransformerSuite.scala:36) was not empty.
	at org.scalatest.concurrent.Eventually$class.tryTryAgain$1(Eventually.scala:421)
	at org.scalatest.concurrent.Eventually$class.eventually(Eventually.scala:439)
	at io.projectglow.sql.GlowBaseTest.eventually(GlowBaseTest.scala:31)
	at io.projectglow.sql.GlowBaseTest.afterEach(GlowBaseTest.scala:70)
	at org.scalatest.BeforeAndAfterEach$$anonfun$1.apply$mcV$sp(BeforeAndAfterEach.scala:234)
	at org.scalatest.Status$$anonfun$withAfterEffect$1.apply(Status.scala:379)
	at org.scalatest.Status$$anonfun$withAfterEffect$1.apply(Status.scala:375)
	at org.scalatest.SucceededStatus$.whenCompleted(Status.scala:454)
	at org.scalatest.Status$class.withAfterEffect(Status.scala:375)
	at org.scalatest.SucceededStatus$.withAfterEffect(Status.scala:426)
	at org.scalatest.BeforeAndAfterEach$class.runTest(BeforeAndAfterEach.scala:232)
	at io.projectglow.sql.GlowBaseTest.runTest(GlowBaseTest.scala:79)
	at org.scalatest.FunSuiteLike$$anonfun$runTests$1.apply(FunSuiteLike.scala:229)
	at org.scalatest.FunSuiteLike$$anonfun$runTests$1.apply(FunSuiteLike.scala:229)
	at org.scalatest.SuperEngine$$anonfun$traverseSubNodes$1$1.apply(Engine.scala:396)
	at org.scalatest.SuperEngine$$anonfun$traverseSubNodes$1$1.apply(Engine.scala:384)
	at scala.collection.immutable.List.foreach(List.scala:392)
	at org.scalatest.SuperEngine.traverseSubNodes$1(Engine.scala:384)
	at org.scalatest.SuperEngine.org$scalatest$SuperEngine$$runTestsInBranch(Engine.scala:379)
	at org.scalatest.SuperEngine.runTestsImpl(Engine.scala:461)
	at org.scalatest.FunSuiteLike$class.runTests(FunSuiteLike.scala:229)
	at org.scalatest.FunSuite.runTests(FunSuite.scala:1560)
	at org.scalatest.Suite$class.run(Suite.scala:1147)
	at org.scalatest.FunSuite.org$scalatest$FunSuiteLike$$super$run(FunSuite.scala:1560)
	at org.scalatest.FunSuiteLike$$anonfun$run$1.apply(FunSuiteLike.scala:233)
	at org.scalatest.FunSuiteLike$$anonfun$run$1.apply(FunSuiteLike.scala:233)
	at org.scalatest.SuperEngine.runImpl(Engine.scala:521)
	at org.scalatest.FunSuiteLike$class.run(FunSuiteLike.scala:233)
	at io.projectglow.sql.GlowBaseTest.org$scalatest$BeforeAndAfterAll$$super$run(GlowBaseTest.scala:31)
	at org.scalatest.BeforeAndAfterAll$class.liftedTree1$1(BeforeAndAfterAll.scala:213)
	at org.scalatest.BeforeAndAfterAll$class.run(BeforeAndAfterAll.scala:210)
	at io.projectglow.sql.GlowBaseTest.run(GlowBaseTest.scala:31)
	at org.scalatest.tools.Framework.org$scalatest$tools$Framework$$runSuite(Framework.scala:314)
	at org.scalatest.tools.Framework$ScalaTestTask.execute(Framework.scala:480)
	at sbt.TestRunner.runTest$1(TestFramework.scala:113)
	at sbt.TestRunner.run(TestFramework.scala:124)
	at sbt.TestFramework$$anon$2$$anonfun$$lessinit$greater$1.$anonfun$apply$1(TestFramework.scala:282)
	at sbt.TestFramework$.sbt$TestFramework$$withContextLoader(TestFramework.scala:246)
	at sbt.TestFramework$$anon$2$$anonfun$$lessinit$greater$1.apply(TestFramework.scala:282)
	at sbt.TestFramework$$anon$2$$anonfun$$lessinit$greater$1.apply(TestFramework.scala:282)
	at sbt.TestFunction.apply(TestFramework.scala:294)
	at sbt.Tests$.$anonfun$toTask$1(Tests.scala:309)
	at sbt.std.Transform$$anon$3.$anonfun$apply$2(System.scala:46)
	at sbt.std.Transform$$anon$4.work(System.scala:67)
	at sbt.Execute.$anonfun$submit$2(Execute.scala:269)
	at sbt.internal.util.ErrorHandling$.wideConvert(ErrorHandling.scala:16)
	at sbt.Execute.work(Execute.scala:278)
	at sbt.Execute.$anonfun$submit$1(Execute.scala:269)
	at sbt.ConcurrentRestrictions$$anon$4.$anonfun$submitValid$1(ConcurrentRestrictions.scala:178)
	at sbt.CompletionService$$anon$2.call(CompletionService.scala:37)
	at java.util.concurrent.FutureTask.run(FutureTask.java:266)
	at java.util.concurrent.Executors$RunnableAdapter.call(Executors.java:511)
	at java.util.concurrent.FutureTask.run(FutureTask.java:266)
	at java.util.concurrent.ThreadPoolExecutor.runWorker(ThreadPoolExecutor.java:1142)
	at java.util.concurrent.ThreadPoolExecutor$Worker.run(ThreadPoolExecutor.java:617)
	at java.lang.Thread.run(Thread.java:748)
Caused by: org.scalatest.exceptions.TestFailedException: Map(62 -&gt; *(1) FileScan bgen [contigName#40,start#53L,end#57L,names#61,referenceAllele#64,alternateAlleles#66,genotypes#68] Batched: false, Format: io.projectglow.bgen.BgenFileFormat@1cd20717, Location: InMemoryFileIndex[file:/Users/karen.feng/glow/test-data/bgen/example.8bits.bgen], PartitionFilters: [], PushedFilters: [], ReadSchema: struct&lt;contigName:string,start:bigint,end:bigint,names:array&lt;string&gt;,referenceAllele:string,alter...
 MapPartitionsRDD[62] at count at BigBgenDatasource.scala:47, 176 -&gt; MapPartitionsRDD[176] at mapPartitionsWithIndex at BigBgenDatasource.scala:68, 34 -&gt; MapPartitionsRDD[34] at rdd at PipeTransformerSuite.scala:36) was not empty
	at org.scalatest.Assertions$class.newAssertionFailedException(Assertions.scala:528)
	at org.scalatest.FunSuite.newAssertionFailedException(FunSuite.scala:1560)
	at org.scalatest.Assertions$AssertionsHelper.macroAssert(Assertions.scala:501)
	at io.projectglow.sql.GlowBaseTest$$anonfun$afterEach$1.apply(GlowBaseTest.scala:71)
	at io.projectglow.sql.GlowBaseTest$$anonfun$afterEach$1.apply(GlowBaseTest.scala:70)
	at org.scalatest.concurrent.Eventually$class.makeAValiantAttempt$1(Eventually.scala:395)
	at org.scalatest.concurrent.Eventually$class.tryTryAgain$1(Eventually.scala:409)
	... 55 more
</error>
                                               </testcase>
                     <system-out><![CDATA[]]></system-out>
                     <system-err><![CDATA[]]></system-err>
                   </testsuite>