# JRE version: Java(TM) SE Runtime Environment (8.0_131-b11) (build 1.8.0_131-b11)
# Java VM: Java HotSpot(TM) 64-Bit Server VM (25.131-b11 mixed mode bsd-amd64 compressed oops)
Heap:
 PSYoungGen      total 318976K, used 260377K [0x00000007aab00000, 0x00000007c0000000, 0x00000007c0000000)
  eden space 294912K, 88% used [0x00000007aab00000,0x00000007ba946728,0x00000007bcb00000)
  from space 24064K, 0% used [0x00000007be300000,0x00000007be300000,0x00000007bfa80000)
  to   space 24576K, 0% used [0x00000007bcb00000,0x00000007bcb00000,0x00000007be300000)
 ParOldGen       total 410112K, used 23685K [0x0000000780000000, 0x0000000799080000, 0x00000007aab00000)
  object space 410112K, 5% used [0x0000000780000000,0x00000007817217a8,0x0000000799080000)
 Metaspace       used 71744K, capacity 72432K, committed 72536K, reserved 1112064K
  class space    used 10463K, capacity 10618K, committed 10624K, reserved 1048576K
GC Heap History (10 events):
Event: 1.867 GC heap before
{Heap before GC invocations=5 (full 1):
 PSYoungGen      total 153088K, used 34721K [0x00000007aab00000, 0x00000007b9a00000, 0x00000007c0000000)
  eden space 131584K, 17% used [0x00000007aab00000,0x00000007ac0f33c0,0x00000007b2b80000)
  from space 21504K, 56% used [0x00000007b2b80000,0x00000007b3775328,0x00000007b4080000)
  to   space 21504K, 0% used [0x00000007b8500000,0x00000007b8500000,0x00000007b9a00000)
 ParOldGen       total 193536K, used 5676K [0x0000000780000000, 0x000000078bd00000, 0x00000007aab00000)
  object space 193536K, 2% used [0x0000000780000000,0x000000078058b3a8,0x000000078bd00000)
 Metaspace       used 34925K, capacity 35184K, committed 35416K, reserved 1079296K
  class space    used 4869K, capacity 4962K, committed 4992K, reserved 1048576K
Event: 1.870 GC heap after
Heap after GC invocations=5 (full 1):
 PSYoungGen      total 223232K, used 6512K [0x00000007aab00000, 0x00000007ba100000, 0x00000007c0000000)
  eden space 201728K, 0% used [0x00000007aab00000,0x00000007aab00000,0x00000007b7000000)
  from space 21504K, 30% used [0x00000007b8500000,0x00000007b8b5c1f0,0x00000007b9a00000)
  to   space 21504K, 0% used [0x00000007b7000000,0x00000007b7000000,0x00000007b8500000)
 ParOldGen       total 193536K, used 5684K [0x0000000780000000, 0x000000078bd00000, 0x00000007aab00000)
  object space 193536K, 2% used [0x0000000780000000,0x000000078058d3a8,0x000000078bd00000)
 Metaspace       used 34925K, capacity 35184K, committed 35416K, reserved 1079296K
  class space    used 4869K, capacity 4962K, committed 4992K, reserved 1048576K
}
Event: 1.870 GC heap before
{Heap before GC invocations=6 (full 2):
 PSYoungGen      total 223232K, used 6512K [0x00000007aab00000, 0x00000007ba100000, 0x00000007c0000000)
  eden space 201728K, 0% used [0x00000007aab00000,0x00000007aab00000,0x00000007b7000000)
  from space 21504K, 30% used [0x00000007b8500000,0x00000007b8b5c1f0,0x00000007b9a00000)
  to   space 21504K, 0% used [0x00000007b7000000,0x00000007b7000000,0x00000007b8500000)
 ParOldGen       total 193536K, used 5684K [0x0000000780000000, 0x000000078bd00000, 0x00000007aab00000)
  object space 193536K, 2% used [0x0000000780000000,0x000000078058d3a8,0x000000078bd00000)
 Metaspace       used 34925K, capacity 35184K, committed 35416K, reserved 1079296K
  class space    used 4869K, capacity 4962K, committed 4992K, reserved 1048576K
Event: 1.889 GC heap after
Heap after GC invocations=6 (full 2):
 PSYoungGen      total 223232K, used 0K [0x00000007aab00000, 0x00000007ba100000, 0x00000007c0000000)
  eden space 201728K, 0% used [0x00000007aab00000,0x00000007aab00000,0x00000007b7000000)
  from space 21504K, 0% used [0x00000007b8500000,0x00000007b8500000,0x00000007b9a00000)
  to   space 21504K, 0% used [0x00000007b7000000,0x00000007b7000000,0x00000007b8500000)
 ParOldGen       total 294400K, used 10189K [0x0000000780000000, 0x0000000791f80000, 0x00000007aab00000)
  object space 294400K, 3% used [0x0000000780000000,0x00000007809f3768,0x0000000791f80000)
 Metaspace       used 34925K, capacity 35184K, committed 35416K, reserved 1079296K
  class space    used 4869K, capacity 4962K, committed 4992K, reserved 1048576K
}
Event: 3.152 GC heap before
{Heap before GC invocations=7 (full 2):
 PSYoungGen      total 223232K, used 201728K [0x00000007aab00000, 0x00000007ba100000, 0x00000007c0000000)
  eden space 201728K, 100% used [0x00000007aab00000,0x00000007b7000000,0x00000007b7000000)
  from space 21504K, 0% used [0x00000007b8500000,0x00000007b8500000,0x00000007b9a00000)
  to   space 21504K, 0% used [0x00000007b7000000,0x00000007b7000000,0x00000007b8500000)
 ParOldGen       total 294400K, used 10189K [0x0000000780000000, 0x0000000791f80000, 0x00000007aab00000)
  object space 294400K, 3% used [0x0000000780000000,0x00000007809f3768,0x0000000791f80000)
 Metaspace       used 51742K, capacity 51974K, committed 52312K, reserved 1093632K
  class space    used 7419K, capacity 7527K, committed 7552K, reserved 1048576K
Event: 3.166 GC heap after
Heap after GC invocations=7 (full 2):
 PSYoungGen      total 223232K, used 21497K [0x00000007aab00000, 0x00000007bfa80000, 0x00000007c0000000)
  eden space 201728K, 0% used [0x00000007aab00000,0x00000007aab00000,0x00000007b7000000)
  from space 21504K, 99% used [0x00000007b7000000,0x00000007b84fe5e8,0x00000007b8500000)
  to   space 24064K, 0% used [0x00000007be300000,0x00000007be300000,0x00000007bfa80000)
 ParOldGen       total 294400K, used 10650K [0x0000000780000000, 0x0000000791f80000, 0x00000007aab00000)
  object space 294400K, 3% used [0x0000000780000000,0x0000000780a66940,0x0000000791f80000)
 Metaspace       used 51742K, capacity 51974K, committed 52312K, reserved 1093632K
  class space    used 7419K, capacity 7527K, committed 7552K, reserved 1048576K
}
Event: 3.659 GC heap before
{Heap before GC invocations=8 (full 2):
 PSYoungGen      total 223232K, used 137840K [0x00000007aab00000, 0x00000007bfa80000, 0x00000007c0000000)
  eden space 201728K, 57% used [0x00000007aab00000,0x00000007b1c9ddc8,0x00000007b7000000)
  from space 21504K, 99% used [0x00000007b7000000,0x00000007b84fe5e8,0x00000007b8500000)
  to   space 24064K, 0% used [0x00000007be300000,0x00000007be300000,0x00000007bfa80000)
 ParOldGen       total 294400K, used 10650K [0x0000000780000000, 0x0000000791f80000, 0x00000007aab00000)
  object space 294400K, 3% used [0x0000000780000000,0x0000000780a66940,0x0000000791f80000)
 Metaspace       used 58573K, capacity 58974K, committed 59028K, reserved 1099776K
  class space    used 8578K, capacity 8684K, committed 8704K, reserved 1048576K
Event: 3.671 GC heap after
Heap after GC invocations=8 (full 2):
 PSYoungGen      total 318976K, used 17212K [0x00000007aab00000, 0x00000007c0000000, 0x00000007c0000000)
  eden space 294912K, 0% used [0x00000007aab00000,0x00000007aab00000,0x00000007bcb00000)
  from space 24064K, 71% used [0x00000007be300000,0x00000007bf3cf0d8,0x00000007bfa80000)
  to   space 24576K, 0% used [0x00000007bcb00000,0x00000007bcb00000,0x00000007be300000)
 ParOldGen       total 294400K, used 10658K [0x0000000780000000, 0x0000000791f80000, 0x00000007aab00000)
  object space 294400K, 3% used [0x0000000780000000,0x0000000780a68940,0x0000000791f80000)
 Metaspace       used 58573K, capacity 58974K, committed 59028K, reserved 1099776K
  class space    used 8578K, capacity 8684K, committed 8704K, reserved 1048576K
}
Event: 3.671 GC heap before
{Heap before GC invocations=9 (full 3):
 PSYoungGen      total 318976K, used 17212K [0x00000007aab00000, 0x00000007c0000000, 0x00000007c0000000)
  eden space 294912K, 0% used [0x00000007aab00000,0x00000007aab00000,0x00000007bcb00000)
  from space 24064K, 71% used [0x00000007be300000,0x00000007bf3cf0d8,0x00000007bfa80000)
  to   space 24576K, 0% used [0x00000007bcb00000,0x00000007bcb00000,0x00000007be300000)
 ParOldGen       total 294400K, used 10658K [0x0000000780000000, 0x0000000791f80000, 0x00000007aab00000)
  object space 294400K, 3% used [0x0000000780000000,0x0000000780a68940,0x0000000791f80000)
 Metaspace       used 58573K, capacity 58974K, committed 59028K, reserved 1099776K
  class space    used 8578K, capacity 8684K, committed 8704K, reserved 1048576K
Event: 3.749 GC heap after
Heap after GC invocations=9 (full 3):
 PSYoungGen      total 318976K, used 0K [0x00000007aab00000, 0x00000007c0000000, 0x00000007c0000000)
  eden space 294912K, 0% used [0x00000007aab00000,0x00000007aab00000,0x00000007bcb00000)
  from space 24064K, 0% used [0x00000007be300000,0x00000007be300000,0x00000007bfa80000)
  to   space 24576K, 0% used [0x00000007bcb00000,0x00000007bcb00000,0x00000007be300000)
 ParOldGen       total 410112K, used 23685K [0x0000000780000000, 0x0000000799080000, 0x00000007aab00000)
  object space 410112K, 5% used [0x0000000780000000,0x00000007817217a8,0x0000000799080000)
 Metaspace       used 58565K, capacity 58962K, committed 59028K, reserved 1099776K
  class space    used 8577K, capacity 8682K, committed 8704K, reserved 1048576K
}

